#
# There is insufficient memory for the Java Runtime Environment to continue.
# Native memory allocation (malloc) failed to allocate 1048576 bytes for AllocateHeap
# Possible reasons:
#   The system is out of physical RAM or swap space
#   In 32 bit mode, the process size limit was hit
# Possible solutions:
#   Reduce memory load on the system
#   Increase physical memory or swap space
#   Check if swap backing store is full
#   Use 64 bit Java on a 64 bit OS
#   Decrease Java heap size (-Xmx/-Xms)
#   Decrease number of Java threads
#   Decrease Java thread stack sizes (-Xss)
#   Set larger code cache with -XX:ReservedCodeCacheSize=
# This output file may be truncated or incomplete.
#
#  Out of Memory Error (memory/allocation.inline.hpp:61), pid=15008, tid=22756
#
# JRE version:  (8.0_45-b15) (build )
# Java VM: Java HotSpot(TM) 64-Bit Server VM (25.45-b02 mixed mode windows-amd64 compressed oops)
# Failed to write core dump. Minidumps are not enabled by default on client versions of Windows
#

---------------  T H R E A D  ---------------

Current thread (0x0000000002c70800):  JavaThread "Unknown thread" [_thread_in_vm, id=22756, stack(0x0000000002ae0000,0x0000000002be0000)]

Stack: [0x0000000002ae0000,0x0000000002be0000]
Native frames: (J=compiled Java code, j=interpreted, Vv=VM code, C=native code)
V  [jvm.dll+0x32b57a]
V  [jvm.dll+0x279873]
V  [jvm.dll+0x27a509]
V  [jvm.dll+0x271825]
V  [jvm.dll+0x1606]
V  [jvm.dll+0x270892]
V  [jvm.dll+0x3eee4a]
V  [jvm.dll+0x3ea7a7]
V  [jvm.dll+0xf2cf2]
V  [jvm.dll+0x20f0c9]
V  [jvm.dll+0x240e0a]
V  [jvm.dll+0x15ba41]
C  [java.exe+0x216e]
C  [java.exe+0xcce7]
C  [java.exe+0xcd7b]
C  [KERNEL32.dll+0x17bd4]
C  [ntdll.dll+0x6ce51]


---------------  P R O C E S S  ---------------

Java Threads: ( => current thread )

Other Threads:

=>0x0000000002c70800 (exited) JavaThread "Unknown thread" [_thread_in_vm, id=22756, stack(0x0000000002ae0000,0x0000000002be0000)]

VM state:not at safepoint (normal execution)

VM Mutex/Monitor currently owned by a thread: None

Heap:
 PSYoungGen      total 38400K, used 665K [0x00000000d5f80000, 0x00000000d8a00000, 0x0000000100000000)
  eden space 33280K, 2% used [0x00000000d5f80000,0x00000000d6026670,0x00000000d8000000)
  from space 5120K, 0% used [0x00000000d8500000,0x00000000d8500000,0x00000000d8a00000)
  to   space 5120K, 0% used [0x00000000d8000000,0x00000000d8000000,0x00000000d8500000)
 ParOldGen       total 87552K, used 0K [0x0000000081e00000, 0x0000000087380000, 0x00000000d5f80000)
  object space 87552K, 0% used [0x0000000081e00000,0x0000000081e00000,0x0000000087380000)
 Metaspace       used 742K, capacity 4480K, committed 4480K, reserved 1056768K
  class space    used 75K, capacity 384K, committed 384K, reserved 1048576K

Card table byte_map: [0x0000000012130000,0x0000000012530000] byte_map_base: 0x0000000011d21000

Marking Bits: (ParMarkBitMap*) 0x00000000682f4040
 Begin Bits: [0x0000000012fe0000, 0x0000000014f68000)
 End Bits:   [0x0000000014f68000, 0x0000000016ef0000)

Polling page: 0x0000000000c50000

CodeCache: size=245760Kb used=328Kb max_used=328Kb free=245431Kb
 bounds [0x0000000002d70000, 0x0000000002fe0000, 0x0000000011d70000]
 total_blobs=57 nmethods=0 adapters=37
 compilation: enabled

Compilation events (0 events):
No events

GC Heap History (0 events):
No events

Deoptimization events (0 events):
No events

Internal exceptions (0 events):
No events

Events (10 events):
Event: 4.461 loading class java/lang/Short
Event: 4.461 loading class java/lang/Short done
Event: 4.461 loading class java/lang/Integer
Event: 4.463 loading class java/lang/Integer done
Event: 4.463 loading class java/lang/Long
Event: 4.464 loading class java/lang/Long done
Event: 4.465 loading class java/lang/NullPointerException
Event: 4.465 loading class java/lang/NullPointerException done
Event: 4.465 loading class java/lang/ArithmeticException
Event: 4.465 loading class java/lang/ArithmeticException done


Dynamic libraries:
0x00007ff756f20000 - 0x00007ff756f57000 	C:\ProgramData\Oracle\Java\javapath\java.exe
0x00007fffbd3c0000 - 0x00007fffbd5b0000 	C:\Windows\SYSTEM32\ntdll.dll
0x00007fffbd2c0000 - 0x00007fffbd372000 	C:\Windows\System32\KERNEL32.dll
0x00007fffba040000 - 0x00007fffba15b000 	C:\Windows\system32\hmpalert.dll
0x00007fffbaef0000 - 0x00007fffbb194000 	C:\Windows\System32\KERNELBASE.dll
0x00007fffbccd0000 - 0x00007fffbcd73000 	C:\Windows\System32\ADVAPI32.dll
0x00007fffbc140000 - 0x00007fffbc1de000 	C:\Windows\System32\msvcrt.dll
0x00007fffbc1e0000 - 0x00007fffbc277000 	C:\Windows\System32\sechost.dll
0x00007fffbce30000 - 0x00007fffbcf50000 	C:\Windows\System32\RPCRT4.dll
0x00007fffbc980000 - 0x00007fffbcb15000 	C:\Windows\System32\USER32.dll
0x00007fffbb420000 - 0x00007fffbb441000 	C:\Windows\System32\win32u.dll
0x00007fffbcf50000 - 0x00007fffbcf76000 	C:\Windows\System32\GDI32.dll
0x00007fffbb1a0000 - 0x00007fffbb336000 	C:\Windows\System32\gdi32full.dll
0x00007fffba610000 - 0x00007fffba6ae000 	C:\Windows\System32\msvcp_win.dll
0x00007fffba4c0000 - 0x00007fffba5ba000 	C:\Windows\System32\ucrtbase.dll
0x00007fffa7da0000 - 0x00007fffa8024000 	C:\Windows\WinSxS\amd64_microsoft.windows.common-controls_6595b64144ccf1df_6.0.18362.1016_none_9e7a36bbe461dae4\COMCTL32.dll
0x00007fffbb4d0000 - 0x00007fffbb805000 	C:\Windows\System32\combase.dll
0x00007fffbb3a0000 - 0x00007fffbb420000 	C:\Windows\System32\bcryptPrimitives.dll
0x00007fffbcd80000 - 0x00007fffbcdae000 	C:\Windows\System32\IMM32.DLL
0x0000000068380000 - 0x0000000068452000 	C:\Program Files\Java\jre1.8.0_45\bin\msvcr100.dll
0x0000000067af0000 - 0x0000000068373000 	C:\Program Files\Java\jre1.8.0_45\bin\server\jvm.dll
0x00007fffbd150000 - 0x00007fffbd158000 	C:\Windows\System32\PSAPI.DLL
0x00007fffa7270000 - 0x00007fffa7294000 	C:\Windows\SYSTEM32\WINMM.dll
0x00007fffb55f0000 - 0x00007fffb55fa000 	C:\Windows\SYSTEM32\VERSION.dll
0x00007fffaebc0000 - 0x00007fffaebed000 	C:\Windows\SYSTEM32\WINMMBASE.dll
0x00007fffba5c0000 - 0x00007fffba60a000 	C:\Windows\System32\cfgmgr32.dll
0x00007fffaeb80000 - 0x00007fffaeb89000 	C:\Windows\SYSTEM32\WSOCK32.dll
0x00007fffbcf80000 - 0x00007fffbcfef000 	C:\Windows\System32\WS2_32.dll
0x0000000067ae0000 - 0x0000000067aef000 	C:\Program Files\Java\jre1.8.0_45\bin\verify.dll
0x0000000067ab0000 - 0x0000000067ad9000 	C:\Program Files\Java\jre1.8.0_45\bin\java.dll
0x0000000067a90000 - 0x0000000067aa6000 	C:\Program Files\Java\jre1.8.0_45\bin\zip.dll
0x00007fffb8a70000 - 0x00007fffb8c64000 	C:\Windows\SYSTEM32\dbghelp.dll

VM Arguments:
java_command: selenium-server-standalone-3.141.59.jar -role hub -hubConfig gridHubConfig.json
java_class_path (initial): selenium-server-standalone-3.141.59.jar
Launcher Type: SUN_STANDARD

Environment Variables:
PATH=C:\ProgramData\Oracle\Java\javapath;C:\Windows\system32;C:\Windows;C:\Windows\System32\Wbem;C:\Windows\System32\WindowsPowerShell\v1.0\;C:\Windows\System32\OpenSSH\;C:\Program Files (x86)\Intel\Intel(R) Management Engine Components\DAL;C:\Program Files\Intel\Intel(R) Management Engine Components\DAL;C:\Program Files\Git\cmd;C:\Program Files\nodejs\;C:\Program Files\dotnet\;C:\Program Files\Microsoft SQL Server\130\Tools\Binn\;C:\Users\snehankiniy\AppData\Local\Microsoft\WindowsApps;C:\Users\snehankiniy\AppData\Roaming\npm
USERNAME=snehankiniy
OS=Windows_NT
PROCESSOR_IDENTIFIER=Intel64 Family 6 Model 142 Stepping 12, GenuineIntel



---------------  S Y S T E M  ---------------

OS: Windows 10.0 , 64 bit Build 18362 (10.0.18362.959)

CPU:total 8 (4 cores per cpu, 2 threads per core) family 6 model 142 stepping 12, cmov, cx8, fxsr, mmx, sse, sse2, sse3, ssse3, sse4.1, sse4.2, popcnt, avx, avx2, aes, clmul, erms, 3dnowpref, lzcnt, ht, tsc, tscinvbit, bmi1, bmi2, adx

Memory: 4k page, physical 8261952k(967904k free), swap 33427776k(132k free)

vm_info: Java HotSpot(TM) 64-Bit Server VM (25.45-b02) for windows-amd64 JRE (1.8.0_45-b15), built on Apr 30 2015 12:40:44 by "java_re" with MS VC++ 10.0 (VS2010)

time: Thu Dec 03 18:52:01 2020
elapsed time: 4 seconds (0d 0h 0m 4s)

